{
  "uid" : "d48d08187334350f",
  "name" : "test_loopback[10]",
  "fullName" : "basic model.test_model_basic#test_loopback",
  "historyId" : "eab3ce11ea28ccad37abadf9e2a3083c",
  "time" : {
    "start" : 1589248072064,
    "stop" : 1589248072084,
    "duration" : 20
  },
  "description" : " This is the test itself, running after the system being setup\n\n    It expects a gain of 10 which is not present in the model, therefore\n    it will fail for some test cases",
  "descriptionHtml" : "<p>This is the test itself, running after the system being setup</p>\n<pre><code>It expects a gain of 10 which is not present in the model, therefore\nit will fail for some test cases\n</code></pre>\n",
  "status" : "failed",
  "statusMessage" : "AssertionError: assert 10.0 == 100\n  +10.0\n  -100",
  "statusTrace" : "setup = None, set_point = 10\n\n    @pytest.mark.parametrize(\"set_point\", [-10, 0, 10])\n    def test_loopback(setup, set_point):\n        \"\"\" This is the test itself, running after the system being setup\n    \n        It expects a gain of 10 which is not present in the model, therefore\n        it will fail for some test cases\"\"\"\n    \n        hil.set_scada_input_value(scadaInputName='Input',\n                                  value=set_point,\n                                  )\n        read_value = hil.read_analog_signal(name='Probe1')\n    \n>       assert read_value == set_point*10\nE       assert 10.0 == 100\nE         +10.0\nE         -100\n\ntest_model_basic.py:61: AssertionError",
  "flaky" : false,
  "newFailed" : false,
  "beforeStages" : [ {
    "name" : "setup",
    "time" : {
      "start" : 1589248031813,
      "stop" : 1589248071905,
      "duration" : 40092
    },
    "status" : "passed",
    "steps" : [ {
      "name" : "Load",
      "time" : {
        "start" : 1589248031813,
        "stop" : 1589248039026,
        "duration" : 7213
      },
      "status" : "passed",
      "steps" : [ ],
      "attachments" : [ ],
      "parameters" : [ {
        "name" : "filename",
        "value" : "'C:\\Users\\tiarl\\AppData\\Roaming\\typhoon\\2020.1\\examples\\tests\\basic model\\model.tse'"
      } ],
      "attachmentsCount" : 0,
      "shouldDisplayMessage" : false,
      "hasContent" : true,
      "stepsCount" : 0
    }, {
      "name" : "Compile",
      "time" : {
        "start" : 1589248039026,
        "stop" : 1589248052852,
        "duration" : 13826
      },
      "status" : "passed",
      "steps" : [ ],
      "attachments" : [ ],
      "parameters" : [ ],
      "attachmentsCount" : 0,
      "shouldDisplayMessage" : false,
      "hasContent" : false,
      "stepsCount" : 0
    }, {
      "name" : "Load Model",
      "time" : {
        "start" : 1589248052852,
        "stop" : 1589248071900,
        "duration" : 19048
      },
      "status" : "passed",
      "steps" : [ ],
      "attachments" : [ ],
      "parameters" : [ {
        "name" : "file",
        "value" : "'C:\\Users\\tiarl\\AppData\\Roaming\\typhoon\\2020.1\\examples\\tests\\basic model\\model Target files\\model.cpd'"
      }, {
        "name" : "offlineMode",
        "value" : "False"
      }, {
        "name" : "vhil_device",
        "value" : "True"
      } ],
      "attachmentsCount" : 0,
      "shouldDisplayMessage" : false,
      "hasContent" : true,
      "stepsCount" : 0
    }, {
      "name" : "Start Simulation",
      "time" : {
        "start" : 1589248071901,
        "stop" : 1589248071905,
        "duration" : 4
      },
      "status" : "passed",
      "steps" : [ ],
      "attachments" : [ ],
      "parameters" : [ ],
      "attachmentsCount" : 0,
      "shouldDisplayMessage" : false,
      "hasContent" : false,
      "stepsCount" : 0
    } ],
    "attachments" : [ ],
    "parameters" : [ ],
    "attachmentsCount" : 0,
    "shouldDisplayMessage" : false,
    "hasContent" : true,
    "stepsCount" : 4
  } ],
  "testStage" : {
    "description" : " This is the test itself, running after the system being setup\n\n    It expects a gain of 10 which is not present in the model, therefore\n    it will fail for some test cases",
    "status" : "failed",
    "statusMessage" : "AssertionError: assert 10.0 == 100\n  +10.0\n  -100",
    "statusTrace" : "setup = None, set_point = 10\n\n    @pytest.mark.parametrize(\"set_point\", [-10, 0, 10])\n    def test_loopback(setup, set_point):\n        \"\"\" This is the test itself, running after the system being setup\n    \n        It expects a gain of 10 which is not present in the model, therefore\n        it will fail for some test cases\"\"\"\n    \n        hil.set_scada_input_value(scadaInputName='Input',\n                                  value=set_point,\n                                  )\n        read_value = hil.read_analog_signal(name='Probe1')\n    \n>       assert read_value == set_point*10\nE       assert 10.0 == 100\nE         +10.0\nE         -100\n\ntest_model_basic.py:61: AssertionError",
    "steps" : [ {
      "name" : "Set Scada Input Value",
      "time" : {
        "start" : 1589248072064,
        "stop" : 1589248072065,
        "duration" : 1
      },
      "status" : "passed",
      "steps" : [ ],
      "attachments" : [ ],
      "parameters" : [ {
        "name" : "scadaInputName",
        "value" : "'Input'"
      }, {
        "name" : "value",
        "value" : "10"
      } ],
      "attachmentsCount" : 0,
      "shouldDisplayMessage" : false,
      "hasContent" : true,
      "stepsCount" : 0
    } ],
    "attachments" : [ {
      "uid" : "323b14a88150995a",
      "name" : "log",
      "source" : "323b14a88150995a.txt",
      "type" : "text/plain",
      "size" : 275
    } ],
    "parameters" : [ ],
    "attachmentsCount" : 1,
    "shouldDisplayMessage" : true,
    "hasContent" : true,
    "stepsCount" : 1
  },
  "afterStages" : [ {
    "name" : "setup::0",
    "time" : {
      "start" : 1589248072090,
      "stop" : 1589248072196,
      "duration" : 106
    },
    "status" : "passed",
    "steps" : [ {
      "name" : "Stop Simulation",
      "time" : {
        "start" : 1589248072090,
        "stop" : 1589248072196,
        "duration" : 106
      },
      "status" : "passed",
      "steps" : [ ],
      "attachments" : [ ],
      "parameters" : [ ],
      "attachmentsCount" : 0,
      "shouldDisplayMessage" : false,
      "hasContent" : false,
      "stepsCount" : 0
    } ],
    "attachments" : [ ],
    "parameters" : [ ],
    "attachmentsCount" : 0,
    "shouldDisplayMessage" : false,
    "hasContent" : true,
    "stepsCount" : 1
  } ],
  "labels" : [ {
    "name" : "parentSuite",
    "value" : "basic model"
  }, {
    "name" : "suite",
    "value" : "test_model_basic"
  }, {
    "name" : "host",
    "value" : "DESKTOP-E60EQGS"
  }, {
    "name" : "thread",
    "value" : "15868-MainThread"
  }, {
    "name" : "framework",
    "value" : "pytest"
  }, {
    "name" : "language",
    "value" : "cpython3"
  }, {
    "name" : "package",
    "value" : "basic model.test_model_basic"
  }, {
    "name" : "resultFormat",
    "value" : "allure2"
  } ],
  "parameters" : [ {
    "name" : "set_point",
    "value" : "10"
  } ],
  "links" : [ ],
  "hidden" : false,
  "retry" : false,
  "extra" : {
    "severity" : "normal",
    "retries" : [ ],
    "categories" : [ {
      "name" : "Product defects",
      "matchedStatuses" : [ ],
      "flaky" : false
    } ],
    "tags" : [ ]
  },
  "source" : "d48d08187334350f.json",
  "parameterValues" : [ "10" ]
}